[ClientsTest.js]: 2019-11-06 00:03:00 info: deleteClientTest is starting :
[ClientsTest.js]: 2019-11-06 00:03:06 info: the web page confirmed the delete action
[ClientsTest.js]: 2019-11-06 00:03:15 info: your client's Name is Marty
[ClientsTest.js]: 2019-11-06 00:05:01 info: deleteClientTest is starting :
[ClientsTest.js]: 2019-11-06 00:05:08 info: the web page confirmed the delete action
[ClientsTest.js]: 2019-11-06 00:05:16 info: couldn't get Marty!
[ActionsTest.js]: 2019-11-06 00:22:51 info: your client's Email is marty@mcfly.com
[ActionsTest.js]: 2019-11-06 00:22:56 info: Email type has changed succssefuly
[ActionsTest.js]: 2019-11-06 00:23:02 info: the client approved the sold
[ActionsTest.js]: 2019-11-06 00:23:05 info: couldn't get Realmadid@campeones!
[ActionsTest.js]: 2019-11-06 00:23:06 info: the client sold has changed to yes
[AnalyticsTest.js]: 2019-11-06 00:24:04 info: 376
[AnalyticsTest.js]: 2019-11-06 00:24:11 info: Email type has changed succssefuly
[AnalyticsTest.js]: 2019-11-06 00:24:13 info: 376
[AnalyticsTest.js]: 2019-11-06 00:24:14 info: the email counter didn't changed
[ClientsTest.js]: 2019-11-06 00:29:17 info: deleteClientTest is starting :
[ClientsTest.js]: 2019-11-06 00:29:27 info: the web page confirmed the delete action
[ClientsTest.js]: 2019-11-06 00:29:35 info: couldn't get Marty!
[ClientsTest.js]: 2019-11-06 09:47:07 info: deleteClientTest is starting :
[ClientsTest.js]: 2019-11-06 09:47:12 info: the web page confirmed the delete action
[ClientsTest.js]: 2019-11-06 09:47:21 info: your client's Name is Real
[ClientsTest.js]: 2019-11-06 12:50:51 info: deleteClientTest is starting :
[ClientsTest.js]: 2019-11-06 12:50:58 info: the web page confirmed the delete action
[ClientsTest.js]: 2019-11-06 12:51:06 info: your client's Name is Real
[AnalyticsTest.js]: 2019-11-06 12:51:12 info: 376
[AnalyticsTest.js]: 2019-11-06 12:51:19 info: Email type has changed succssefuly
[AnalyticsTest.js]: 2019-11-06 12:51:21 info: 376
[AnalyticsTest.js]: 2019-11-06 12:51:22 info: the email counter didn't changed
[ActionsTest.js]: 2019-11-06 12:51:30 info: your client's Email is marty@mcfly.com
[ActionsTest.js]: 2019-11-06 12:51:34 info: Email type has changed succssefuly
[ActionsTest.js]: 2019-11-06 12:51:40 info: the client approved the sold
[ActionsTest.js]: 2019-11-06 12:51:43 info: your client's Email is Realmadid@campeones
[ActionsTest.js]: 2019-11-06 12:51:44 info: the client sold has changed to yes
